This file contains any messages produced by compilers while
running configure, to aid debugging if configure makes a mistake.

It was created by Multiple File Download configure 1.0.12, which was
generated by GNU Autoconf 2.69.  Invocation command line was

  $ ./configure 

## --------- ##
## Platform. ##
## --------- ##

hostname = Poseidon
uname -m = x86_64
uname -r = 3.11.0-15-generic
uname -s = Linux
uname -v = #23-Ubuntu SMP Mon Dec 9 18:17:04 UTC 2013

/usr/bin/uname -p = unknown
/bin/uname -X     = unknown

/bin/arch              = unknown
/usr/bin/arch -k       = unknown
/usr/convex/getsysinfo = unknown
/usr/bin/hostinfo      = unknown
/bin/machine           = unknown
/usr/bin/oslevel       = unknown
/bin/universe          = unknown

PATH: /usr/lib/lightdm/lightdm
PATH: /usr/local/sbin
PATH: /usr/local/bin
PATH: /usr/sbin
PATH: /usr/bin
PATH: /sbin
PATH: /bin
PATH: /usr/games
PATH: /usr/local/games


## ----------- ##
## Core tests. ##
## ----------- ##

configure:1756: checking for a BSD-compatible install
configure:1824: result: /usr/bin/install -c
configure:1835: checking whether build environment is sane
configure:1890: result: yes
configure:1928: WARNING: 'missing' script is too old or missing
configure:2041: checking for a thread-safe mkdir -p
configure:2080: result: /bin/mkdir -p
configure:2087: checking for gawk
configure:2103: found /usr/bin/gawk
configure:2114: result: gawk
configure:2125: checking whether make sets $(MAKE)
configure:2147: result: yes
configure:2176: checking whether make supports nested variables
configure:2193: result: yes
configure:2285: checking for bash
configure:2313: result: /bin/bash
configure:2327: checking for wget
configure:2343: found /usr/bin/wget
configure:2355: result: yes
configure:2520: checking that generated files are newer than configure
configure:2526: result: done
configure:2534: creating ./config.status

## ---------------------- ##
## Running config.status. ##
## ---------------------- ##

This file was extended by Multiple File Download config.status 1.0.12, which was
generated by GNU Autoconf 2.69.  Invocation command line was

  CONFIG_FILES    = 
  CONFIG_HEADERS  = 
  CONFIG_LINKS    = 
  CONFIG_COMMANDS = 
  $ ./config.status 

on Poseidon

config.status:746: creating Makefile
config.status:746: creating scripts/Makefile
config.status:746: creating manpages/Makefile

## ---------------- ##
## Cache variables. ##
## ---------------- ##

ac_cv_env_build_alias_set=
ac_cv_env_build_alias_value=
ac_cv_env_host_alias_set=
ac_cv_env_host_alias_value=
ac_cv_env_target_alias_set=
ac_cv_env_target_alias_value=
ac_cv_path_install='/usr/bin/install -c'
ac_cv_path_mkdir=/bin/mkdir
ac_cv_prog_AWK=gawk
ac_cv_prog_BASH=/bin/bash
ac_cv_prog_WGET=yes
ac_cv_prog_make_make_set=yes
am_cv_make_support_nested_variables=yes

## ----------------- ##
## Output variables. ##
## ----------------- ##

ACLOCAL='aclocal-1.13'
AMTAR='$${TAR-tar}'
AM_BACKSLASH='\'
AM_DEFAULT_V='$(AM_DEFAULT_VERBOSITY)'
AM_DEFAULT_VERBOSITY='1'
AM_V='$(V)'
AUTOCONF='autoconf'
AUTOHEADER='autoheader'
AUTOMAKE='automake-1.13'
AWK='gawk'
BASH='/bin/bash'
CYGPATH_W='echo'
DEFS='-DPACKAGE_NAME=\"Multiple\ File\ Download\" -DPACKAGE_TARNAME=\"multiple-file-download\" -DPACKAGE_VERSION=\"1.0.12\" -DPACKAGE_STRING=\"Multiple\ File\ Download\ 1.0.12\" -DPACKAGE_BUGREPORT=\"m.grant.prg@gmail.com\" -DPACKAGE_URL=\"\" -DPACKAGE=\"multiple-file-download\" -DVERSION=\"1.0.12\"'
ECHO_C=''
ECHO_N='-n'
ECHO_T=''
INSTALL_DATA='${INSTALL} -m 644'
INSTALL_PROGRAM='${INSTALL}'
INSTALL_SCRIPT='${INSTALL}'
INSTALL_STRIP_PROGRAM='$(install_sh) -c -s'
LIBOBJS=''
LIBS=''
LTLIBOBJS=''
MAKEINFO='makeinfo'
MKDIR_P='/bin/mkdir -p'
PACKAGE='multiple-file-download'
PACKAGE_BUGREPORT='m.grant.prg@gmail.com'
PACKAGE_NAME='Multiple File Download'
PACKAGE_STRING='Multiple File Download 1.0.12'
PACKAGE_TARNAME='multiple-file-download'
PACKAGE_URL=''
PACKAGE_VERSION='1.0.12'
PATH_SEPARATOR=':'
SET_MAKE=''
SHELL='/bin/bash'
STRIP=''
VERSION='1.0.12'
WGET='yes'
am__isrc=''
am__leading_dot='.'
am__tar='$${TAR-tar} chof - "$$tardir"'
am__untar='$${TAR-tar} xf -'
bindir='${exec_prefix}/bin'
build_alias=''
datadir='${datarootdir}'
datarootdir='${prefix}/share'
docdir='${datarootdir}/doc/${PACKAGE_TARNAME}'
dvidir='${docdir}'
exec_prefix='${prefix}'
host_alias=''
htmldir='${docdir}'
includedir='${prefix}/include'
infodir='${datarootdir}/info'
install_sh='${SHELL} /home/mgrantprg/ScriptProjects/MultiGet/install-sh'
libdir='${exec_prefix}/lib'
libexecdir='${exec_prefix}/libexec'
localedir='${datarootdir}/locale'
localstatedir='${prefix}/var'
mandir='${datarootdir}/man'
mkdir_p='$(MKDIR_P)'
oldincludedir='/usr/include'
pdfdir='${docdir}'
prefix='/usr/local'
program_transform_name='s,x,x,'
psdir='${docdir}'
sbindir='${exec_prefix}/sbin'
sharedstatedir='${prefix}/com'
sysconfdir='${prefix}/etc'
target_alias=''

## ----------- ##
## confdefs.h. ##
## ----------- ##

/* confdefs.h */
#define PACKAGE_NAME "Multiple File Download"
#define PACKAGE_TARNAME "multiple-file-download"
#define PACKAGE_VERSION "1.0.12"
#define PACKAGE_STRING "Multiple File Download 1.0.12"
#define PACKAGE_BUGREPORT "m.grant.prg@gmail.com"
#define PACKAGE_URL ""
#define PACKAGE "multiple-file-download"
#define VERSION "1.0.12"

configure: exit 0
